[debug] [2021-12-29T12:11:53.432Z] ----------------------------------------------------------------------
[debug] [2021-12-29T12:11:53.438Z] Command:       C:\Program Files\nodejs\node.exe C:\Users\Dkakin.Top\AppData\Roaming\npm\node_modules\firebase-tools\lib\bin\firebase.js init
[debug] [2021-12-29T12:11:53.439Z] CLI Version:   10.0.1
[debug] [2021-12-29T12:11:53.439Z] Platform:      win32
[debug] [2021-12-29T12:11:53.440Z] Node Version:  v14.17.4
[debug] [2021-12-29T12:11:53.442Z] Time:          Wed Dec 29 2021 15:11:53 GMT+0300 (Arabian Standard Time)
[debug] [2021-12-29T12:11:53.442Z] ----------------------------------------------------------------------
[debug] 
[debug] [2021-12-29T12:11:53.458Z] >>> [apiv2][query] GET https://firebase-public.firebaseio.com/cli.json [none]
[debug] [2021-12-29T12:11:53.635Z] > command requires scopes: ["email","openid","https://www.googleapis.com/auth/cloudplatformprojects.readonly","https://www.googleapis.com/auth/firebase","https://www.googleapis.com/auth/cloud-platform"]
[debug] [2021-12-29T12:11:53.635Z] > authorizing via signed-in user (ibsifat900@gmail.com)
[info] 
     ######## #### ########  ######## ########     ###     ######  ########
     ##        ##  ##     ## ##       ##     ##  ##   ##  ##       ##
     ######    ##  ########  ######   ########  #########  ######  ######
     ##        ##  ##    ##  ##       ##     ## ##     ##       ## ##
     ##       #### ##     ## ######## ########  ##     ##  ######  ########

You're about to initialize a Firebase project in this directory:

  E:\web\ecommarce\front-end

Before we get started, keep in mind:

  * You are initializing within an existing Firebase project directory

